<?xml version="1.0" encoding="UTF-8"?>
<testng-results ignored="0" total="0" passed="0" failed="0" skipped="0">
  <reporter-output>
  </reporter-output>
  <suite started-at="2025-07-03T00:23:49 EET" name="Default suite" finished-at="2025-07-03T00:23:50 EET" duration-ms="1844">
    <groups>
    </groups>
    <test started-at="2025-07-03T00:23:49 EET" name="Default test" finished-at="2025-07-03T00:23:50 EET" duration-ms="1844">
      <class name="loginPage.myTestCases">
        <test-method is-config="true" signature="mySetup()[pri:0, instance:loginPage.myTestCases@1338fb5]" started-at="2025-07-03T00:23:49 EET" name="mySetup" finished-at="2025-07-03T00:23:50 EET" duration-ms="1815" status="PASS">
          <reporter-output>
          </reporter-output>
        </test-method> <!-- mySetup -->
      </class> <!-- loginPage.myTestCases -->
    </test> <!-- Default test -->
  </suite> <!-- Default suite -->
</testng-results>
