<?xml version="1.0" encoding="UTF-8"?>
<testng-results ignored="0" total="1" passed="1" failed="0" skipped="0">
  <reporter-output>
  </reporter-output>
  <suite started-at="2025-07-08T23:53:58 EET" name="Default suite" finished-at="2025-07-08T23:54:07 EET" duration-ms="8439">
    <groups>
    </groups>
    <test started-at="2025-07-08T23:53:58 EET" name="Default test" finished-at="2025-07-08T23:54:07 EET" duration-ms="8439">
      <class name="loginPage.myTestCases">
        <test-method is-config="true" signature="mySetup()[pri:0, instance:loginPage.myTestCases@70a36a66]" started-at="2025-07-08T23:53:58 EET" name="mySetup" finished-at="2025-07-08T23:54:00 EET" duration-ms="1939" status="PASS">
          <reporter-output>
          </reporter-output>
        </test-method> <!-- mySetup -->
        <test-method signature="signup()[pri:1, instance:loginPage.myTestCases@70a36a66]" started-at="2025-07-08T23:54:00 EET" name="signup" finished-at="2025-07-08T23:54:07 EET" duration-ms="6423" status="PASS">
          <reporter-output>
          </reporter-output>
        </test-method> <!-- signup -->
      </class> <!-- loginPage.myTestCases -->
    </test> <!-- Default test -->
  </suite> <!-- Default suite -->
</testng-results>
